[09:43:19] [Server thread/INFO]: Starting minecraft server version 1.12.2
[09:43:19] [Server thread/INFO]: Loading properties
[09:43:19] [Server thread/INFO]: Default game type: CREATIVE
[09:43:20] [Server thread/INFO]: This server is running CraftBukkit version git-Spigot-eb3d921-2b93d83 (MC: 1.12.2) (Implementing API version 1.12.2-R0.1-SNAPSHOT)
[09:43:20] [Server thread/INFO]: Debug logging is disabled
[09:43:20] [Server thread/INFO]: Server Ping Player Sample Count: 12
[09:43:20] [Server thread/INFO]: Using 4 threads for Netty based IO
[09:43:20] [Server thread/INFO]: Generating keypair
[09:43:20] [Server thread/INFO]: Starting Minecraft server on *:25565
[09:43:20] [Server thread/INFO]: Using default channel type
[09:43:21] [Server thread/INFO]: Set PluginClassLoader as parallel capable
[09:43:21] [Server thread/INFO]: [PermissionsEx] Loading PermissionsEx v1.23.4
[09:43:21] [Server thread/INFO]: [WorldEdit] Loading WorldEdit v6.1.8-SNAPSHOT;cd4729f
[09:43:21] [Server thread/INFO]: [Citizens] Loading Citizens v2.0.22-SNAPSHOT (build 1547)
[09:43:21] [Server thread/INFO]: [ViaVersion] Loading ViaVersion v1.4.0
[09:43:21] [Server thread/INFO]: [ViaVersion] ViaVersion 1.4.0 is now loaded, injecting!
[09:43:21] [Server thread/INFO]: Loading block mapping...
[09:43:22] [Server thread/INFO]: Loading item mapping...
[09:43:22] [Server thread/INFO]: Loading new tags...
[09:43:22] [Server thread/INFO]: Loading enchantments...
[09:43:22] [Server thread/INFO]: Loading sound mapping...
[09:43:22] [Server thread/INFO]: [scriptcraft] Loading scriptcraft v3.2.1-2016-12-23
[09:43:22] [Server thread/INFO]: [SpigotSample] Loading SpigotSample v1.0-SNAPSHOT
[09:43:22] [Server thread/INFO]: [RaspberryJuice] Loading RaspberryJuice v1.9
[09:43:22] [Server thread/INFO]: [Multiverse-Core] Loading Multiverse-Core v1.1
[09:43:22] [Server thread/INFO]: **** Beginning UUID conversion, this may take A LONG time ****
[09:43:22] [Server thread/INFO]: Preparing level "world"
[09:43:22] [Server thread/INFO]: -------- World Settings For [world] --------
[09:43:22] [Server thread/INFO]: Nerfing mobs spawned from spawners: false
[09:43:22] [Server thread/INFO]: Mob Spawn Range: 4
[09:43:22] [Server thread/INFO]: Cactus Growth Modifier: 100%
[09:43:22] [Server thread/INFO]: Cane Growth Modifier: 100%
[09:43:22] [Server thread/INFO]: Melon Growth Modifier: 100%
[09:43:22] [Server thread/INFO]: Mushroom Growth Modifier: 100%
[09:43:22] [Server thread/INFO]: Pumpkin Growth Modifier: 100%
[09:43:22] [Server thread/INFO]: Sapling Growth Modifier: 100%
[09:43:22] [Server thread/INFO]: Wheat Growth Modifier: 100%
[09:43:22] [Server thread/INFO]: NetherWart Growth Modifier: 100%
[09:43:22] [Server thread/INFO]: Vine Growth Modifier: 100%
[09:43:22] [Server thread/INFO]: Cocoa Growth Modifier: 100%
[09:43:22] [Server thread/INFO]: Entity Activation Range: An 32 / Mo 32 / Mi 16 / Tiv true
[09:43:22] [Server thread/INFO]: Entity Tracking Range: Pl 48 / An 48 / Mo 48 / Mi 32 / Other 64
[09:43:22] [Server thread/INFO]: Hopper Transfer: 8 Hopper Check: 1 Hopper Amount: 1
[09:43:22] [Server thread/INFO]: Random Lighting Updates: false
[09:43:22] [Server thread/INFO]: Structure Info Saving: true
[09:43:22] [Server thread/INFO]: Custom Map Seeds:  Village: 10387312 Feature: 14357617 Monument: 10387313 Slime: 987234911
[09:43:22] [Server thread/INFO]: Max TNT Explosions: 100
[09:43:22] [Server thread/INFO]: Tile Max Tick Time: 50ms Entity max Tick Time: 50ms
[09:43:22] [Server thread/INFO]: Item Despawn Rate: 6000
[09:43:22] [Server thread/INFO]: Item Merge Radius: 2.5
[09:43:22] [Server thread/INFO]: Arrow Despawn Rate: 1200
[09:43:22] [Server thread/INFO]: View Distance: 10
[09:43:22] [Server thread/INFO]: Experience Merge Radius: 3.0
[09:43:22] [Server thread/INFO]: Allow Zombie Pigmen to spawn from portal blocks: true
[09:43:22] [Server thread/INFO]: Zombie Aggressive Towards Villager: true
[09:43:23] [Server thread/INFO]: -------- World Settings For [world_nether] --------
[09:43:23] [Server thread/INFO]: Nerfing mobs spawned from spawners: false
[09:43:23] [Server thread/INFO]: Mob Spawn Range: 4
[09:43:23] [Server thread/INFO]: Cactus Growth Modifier: 100%
[09:43:23] [Server thread/INFO]: Cane Growth Modifier: 100%
[09:43:23] [Server thread/INFO]: Melon Growth Modifier: 100%
[09:43:23] [Server thread/INFO]: Mushroom Growth Modifier: 100%
[09:43:23] [Server thread/INFO]: Pumpkin Growth Modifier: 100%
[09:43:23] [Server thread/INFO]: Sapling Growth Modifier: 100%
[09:43:23] [Server thread/INFO]: Wheat Growth Modifier: 100%
[09:43:23] [Server thread/INFO]: NetherWart Growth Modifier: 100%
[09:43:23] [Server thread/INFO]: Vine Growth Modifier: 100%
[09:43:23] [Server thread/INFO]: Cocoa Growth Modifier: 100%
[09:43:23] [Server thread/INFO]: Entity Activation Range: An 32 / Mo 32 / Mi 16 / Tiv true
[09:43:23] [Server thread/INFO]: Entity Tracking Range: Pl 48 / An 48 / Mo 48 / Mi 32 / Other 64
[09:43:23] [Server thread/INFO]: Hopper Transfer: 8 Hopper Check: 1 Hopper Amount: 1
[09:43:23] [Server thread/INFO]: Random Lighting Updates: false
[09:43:23] [Server thread/INFO]: Structure Info Saving: true
[09:43:23] [Server thread/INFO]: Custom Map Seeds:  Village: 10387312 Feature: 14357617 Monument: 10387313 Slime: 987234911
[09:43:23] [Server thread/INFO]: Max TNT Explosions: 100
[09:43:23] [Server thread/INFO]: Tile Max Tick Time: 50ms Entity max Tick Time: 50ms
[09:43:23] [Server thread/INFO]: Item Despawn Rate: 6000
[09:43:23] [Server thread/INFO]: Item Merge Radius: 2.5
[09:43:23] [Server thread/INFO]: Arrow Despawn Rate: 1200
[09:43:23] [Server thread/INFO]: View Distance: 10
[09:43:23] [Server thread/INFO]: Experience Merge Radius: 3.0
[09:43:23] [Server thread/INFO]: Allow Zombie Pigmen to spawn from portal blocks: true
[09:43:23] [Server thread/INFO]: Zombie Aggressive Towards Villager: true
[09:43:23] [Server thread/INFO]: -------- World Settings For [world_the_end] --------
[09:43:23] [Server thread/INFO]: Nerfing mobs spawned from spawners: false
[09:43:23] [Server thread/INFO]: Mob Spawn Range: 4
[09:43:23] [Server thread/INFO]: Cactus Growth Modifier: 100%
[09:43:23] [Server thread/INFO]: Cane Growth Modifier: 100%
[09:43:23] [Server thread/INFO]: Melon Growth Modifier: 100%
[09:43:23] [Server thread/INFO]: Mushroom Growth Modifier: 100%
[09:43:23] [Server thread/INFO]: Pumpkin Growth Modifier: 100%
[09:43:23] [Server thread/INFO]: Sapling Growth Modifier: 100%
[09:43:23] [Server thread/INFO]: Wheat Growth Modifier: 100%
[09:43:23] [Server thread/INFO]: NetherWart Growth Modifier: 100%
[09:43:23] [Server thread/INFO]: Vine Growth Modifier: 100%
[09:43:23] [Server thread/INFO]: Cocoa Growth Modifier: 100%
[09:43:23] [Server thread/INFO]: Entity Activation Range: An 32 / Mo 32 / Mi 16 / Tiv true
[09:43:23] [Server thread/INFO]: Entity Tracking Range: Pl 48 / An 48 / Mo 48 / Mi 32 / Other 64
[09:43:23] [Server thread/INFO]: Hopper Transfer: 8 Hopper Check: 1 Hopper Amount: 1
[09:43:23] [Server thread/INFO]: Random Lighting Updates: false
[09:43:23] [Server thread/INFO]: Structure Info Saving: true
[09:43:23] [Server thread/INFO]: Custom Map Seeds:  Village: 10387312 Feature: 14357617 Monument: 10387313 Slime: 987234911
[09:43:23] [Server thread/INFO]: Max TNT Explosions: 100
[09:43:23] [Server thread/INFO]: Tile Max Tick Time: 50ms Entity max Tick Time: 50ms
[09:43:23] [Server thread/INFO]: Item Despawn Rate: 6000
[09:43:23] [Server thread/INFO]: Item Merge Radius: 2.5
[09:43:23] [Server thread/INFO]: Arrow Despawn Rate: 1200
[09:43:23] [Server thread/INFO]: View Distance: 10
[09:43:23] [Server thread/INFO]: Experience Merge Radius: 3.0
[09:43:23] [Server thread/INFO]: Allow Zombie Pigmen to spawn from portal blocks: true
[09:43:23] [Server thread/INFO]: Zombie Aggressive Towards Villager: true
[09:43:23] [Server thread/INFO]: Preparing start region for level 0 (Seed: 2496204365300391123)
[09:43:24] [Server thread/INFO]: Preparing spawn area: 21%
[09:43:25] [Server thread/INFO]: Preparing start region for level 1 (Seed: 2496204365300391123)
[09:43:26] [Server thread/INFO]: Preparing spawn area: 83%
[09:43:26] [Server thread/INFO]: Preparing start region for level 2 (Seed: 2496204365300391123)
[09:43:26] [Server thread/INFO]: [PermissionsEx] Enabling PermissionsEx v1.23.4
[09:43:26] [Server thread/INFO]: [PermissionsEx] Initializing file backend
[09:43:26] [Server thread/INFO]: [PermissionsEx] Permissions file successfully reloaded
[09:43:26] [Server thread/INFO]: [WorldEdit] Enabling WorldEdit v6.1.8-SNAPSHOT;cd4729f
[09:43:26] [Server thread/INFO]: WEPIF: PermissionsEx detected! Using PermissionsEx for permissions.
[09:43:27] [Server thread/INFO]: [WorldEdit] Using com.sk89q.worldedit.bukkit.adapter.impl.Spigot_v1_12_R2 as the Bukkit adapter
[09:43:27] [Server thread/INFO]: [Citizens] Enabling Citizens v2.0.22-SNAPSHOT (build 1547)
[09:43:27] [Server thread/ERROR]: [Citizens] Missing preferred location bundle.
[09:43:27] [Server thread/INFO]: [Citizens] Unable to use economy handling. Has Vault been enabled?
[09:43:27] [Server thread/INFO]: [ViaVersion] Enabling ViaVersion v1.4.0
[09:43:27] [Server thread/INFO]: [scriptcraft] Enabling scriptcraft v3.2.1-2016-12-23
[09:43:31] [Server thread/WARN]: [scriptcraft] cow-clicker minigame is not yet supported in CanaryMod and Craftbukkit
[09:43:32] [Server thread/INFO]: [SpigotSample] Enabling SpigotSample v1.0-SNAPSHOT
[09:43:32] [Server thread/INFO]: init SpigotSample
[09:43:32] [Server thread/INFO]: [RaspberryJuice] Enabling RaspberryJuice v1.9
[09:43:32] [Server thread/INFO]: [RaspberryJuice] Using port 4711
[09:43:32] [Server thread/INFO]: [RaspberryJuice] Using RELATIVE locations
[09:43:32] [Server thread/INFO]: [RaspberryJuice] ThreadListener Started
[09:43:32] [Server thread/INFO]: [Multiverse-Core] Enabling Multiverse-Core v1.1
[09:43:33] [Server thread/INFO]: [Multiverse-Core] 3 - World(s) loaded.
[09:43:33] [Server thread/INFO]: false
[09:43:33] [Server thread/INFO]: [Multiverse-Core] Version 1.1 (API v20) Enabled - By Rigby, fernferret, lithium3141 and main--
[09:43:33] [Server thread/INFO]: Server permissions file permissions.yml is empty, ignoring it
[09:43:34] [Server thread/INFO]: Done (11.725s)! For help, type "help" or "?"
[09:43:34] [Server thread/INFO]: [ViaVersion] ViaVersion detected server version: 1.12.2(340)
[09:43:34] [Server thread/INFO]: [Citizens] Loaded 0 NPCs.
[09:43:34] [Server thread/INFO]: [scriptcraft] js-patch setTimeout() test complete
[09:43:35] [Server thread/WARN]: [ViaVersion] There is a newer version available: 1.4.1, you're on: 1.4.0
[09:43:39] [User Authenticator #1/INFO]: UUID of player MarkCreative3 is 8b8ec37e-c8b2-4f07-9847-6813f67a9d11
[09:43:39] [Server thread/INFO]: MarkCreative3[/127.0.0.1:54161] logged in with entity id 18 at ([world]-228.0290206522876, 79.0, 269.85211601005324)
[09:43:45] [Server thread/INFO]: MarkCreative3 issued server command: /gamemode 1
[09:43:47] [Server thread/INFO]: MarkCreative3 fell from a high place
[09:44:06] [Server thread/INFO]: MarkCreative3 lost connection: Disconnected
[09:44:06] [Server thread/INFO]: MarkCreative3 left the game
[09:45:03] [Server thread/INFO]: Opped MarkCreative3
[09:45:10] [User Authenticator #2/INFO]: UUID of player MarkCreative3 is 8b8ec37e-c8b2-4f07-9847-6813f67a9d11
[09:45:10] [Server thread/INFO]: MarkCreative3[/127.0.0.1:54261] logged in with entity id 185 at ([world]-10.714588188433229, 60.127607393535186, -6.674979876471848)
[09:45:14] [Server thread/INFO]: MarkCreative3 issued server command: /gamemode 1
[09:45:14] [Server thread/INFO]: [MarkCreative3: Set own game mode to Creative Mode]
[09:53:34] [Server thread/INFO]: CONSOLE: [0;31;1mPlease note that this command is not supported and may cause issues when using some plugins.[m
[09:53:34] [Server thread/INFO]: CONSOLE: [0;31;1mIf you encounter any issues please use the /stop command to restart your server.[m
[09:53:34] [Server thread/INFO]: Debug logging is disabled
[09:53:34] [Server thread/INFO]: Server Ping Player Sample Count: 12
[09:53:34] [Server thread/INFO]: Using 4 threads for Netty based IO
[09:53:34] [Server thread/INFO]: -------- World Settings For [world] --------
[09:53:34] [Server thread/INFO]: Nerfing mobs spawned from spawners: false
[09:53:34] [Server thread/INFO]: Mob Spawn Range: 4
[09:53:34] [Server thread/INFO]: Cactus Growth Modifier: 100%
[09:53:34] [Server thread/INFO]: Cane Growth Modifier: 100%
[09:53:34] [Server thread/INFO]: Melon Growth Modifier: 100%
[09:53:34] [Server thread/INFO]: Mushroom Growth Modifier: 100%
[09:53:34] [Server thread/INFO]: Pumpkin Growth Modifier: 100%
[09:53:34] [Server thread/INFO]: Sapling Growth Modifier: 100%
[09:53:34] [Server thread/INFO]: Wheat Growth Modifier: 100%
[09:53:34] [Server thread/INFO]: NetherWart Growth Modifier: 100%
[09:53:34] [Server thread/INFO]: Vine Growth Modifier: 100%
[09:53:34] [Server thread/INFO]: Cocoa Growth Modifier: 100%
[09:53:34] [Server thread/INFO]: Entity Activation Range: An 32 / Mo 32 / Mi 16 / Tiv true
[09:53:34] [Server thread/INFO]: Entity Tracking Range: Pl 48 / An 48 / Mo 48 / Mi 32 / Other 64
[09:53:34] [Server thread/INFO]: Hopper Transfer: 8 Hopper Check: 1 Hopper Amount: 1
[09:53:34] [Server thread/INFO]: Random Lighting Updates: false
[09:53:34] [Server thread/INFO]: Structure Info Saving: true
[09:53:34] [Server thread/INFO]: Custom Map Seeds:  Village: 10387312 Feature: 14357617 Monument: 10387313 Slime: 987234911
[09:53:34] [Server thread/INFO]: Max TNT Explosions: 100
[09:53:34] [Server thread/INFO]: Tile Max Tick Time: 50ms Entity max Tick Time: 50ms
[09:53:34] [Server thread/INFO]: Item Despawn Rate: 6000
[09:53:34] [Server thread/INFO]: Item Merge Radius: 2.5
[09:53:34] [Server thread/INFO]: Arrow Despawn Rate: 1200
[09:53:34] [Server thread/INFO]: View Distance: 10
[09:53:34] [Server thread/INFO]: Experience Merge Radius: 3.0
[09:53:34] [Server thread/INFO]: Allow Zombie Pigmen to spawn from portal blocks: true
[09:53:34] [Server thread/INFO]: Zombie Aggressive Towards Villager: true
[09:53:34] [Server thread/INFO]: -------- World Settings For [world_nether] --------
[09:53:34] [Server thread/INFO]: Nerfing mobs spawned from spawners: false
[09:53:34] [Server thread/INFO]: Mob Spawn Range: 4
[09:53:34] [Server thread/INFO]: Cactus Growth Modifier: 100%
[09:53:34] [Server thread/INFO]: Cane Growth Modifier: 100%
[09:53:34] [Server thread/INFO]: Melon Growth Modifier: 100%
[09:53:34] [Server thread/INFO]: Mushroom Growth Modifier: 100%
[09:53:34] [Server thread/INFO]: Pumpkin Growth Modifier: 100%
[09:53:34] [Server thread/INFO]: Sapling Growth Modifier: 100%
[09:53:34] [Server thread/INFO]: Wheat Growth Modifier: 100%
[09:53:34] [Server thread/INFO]: NetherWart Growth Modifier: 100%
[09:53:34] [Server thread/INFO]: Vine Growth Modifier: 100%
[09:53:34] [Server thread/INFO]: Cocoa Growth Modifier: 100%
[09:53:34] [Server thread/INFO]: Entity Activation Range: An 32 / Mo 32 / Mi 16 / Tiv true
[09:53:34] [Server thread/INFO]: Entity Tracking Range: Pl 48 / An 48 / Mo 48 / Mi 32 / Other 64
[09:53:34] [Server thread/INFO]: Hopper Transfer: 8 Hopper Check: 1 Hopper Amount: 1
[09:53:34] [Server thread/INFO]: Random Lighting Updates: false
[09:53:34] [Server thread/INFO]: Structure Info Saving: true
[09:53:34] [Server thread/INFO]: Custom Map Seeds:  Village: 10387312 Feature: 14357617 Monument: 10387313 Slime: 987234911
[09:53:34] [Server thread/INFO]: Max TNT Explosions: 100
[09:53:34] [Server thread/INFO]: Tile Max Tick Time: 50ms Entity max Tick Time: 50ms
[09:53:34] [Server thread/INFO]: Item Despawn Rate: 6000
[09:53:34] [Server thread/INFO]: Item Merge Radius: 2.5
[09:53:34] [Server thread/INFO]: Arrow Despawn Rate: 1200
[09:53:34] [Server thread/INFO]: View Distance: 10
[09:53:34] [Server thread/INFO]: Experience Merge Radius: 3.0
[09:53:34] [Server thread/INFO]: Allow Zombie Pigmen to spawn from portal blocks: true
[09:53:34] [Server thread/INFO]: Zombie Aggressive Towards Villager: true
[09:53:34] [Server thread/INFO]: -------- World Settings For [world_the_end] --------
[09:53:34] [Server thread/INFO]: Nerfing mobs spawned from spawners: false
[09:53:34] [Server thread/INFO]: Mob Spawn Range: 4
[09:53:34] [Server thread/INFO]: Cactus Growth Modifier: 100%
[09:53:34] [Server thread/INFO]: Cane Growth Modifier: 100%
[09:53:34] [Server thread/INFO]: Melon Growth Modifier: 100%
[09:53:34] [Server thread/INFO]: Mushroom Growth Modifier: 100%
[09:53:34] [Server thread/INFO]: Pumpkin Growth Modifier: 100%
[09:53:34] [Server thread/INFO]: Sapling Growth Modifier: 100%
[09:53:34] [Server thread/INFO]: Wheat Growth Modifier: 100%
[09:53:34] [Server thread/INFO]: NetherWart Growth Modifier: 100%
[09:53:34] [Server thread/INFO]: Vine Growth Modifier: 100%
[09:53:34] [Server thread/INFO]: Cocoa Growth Modifier: 100%
[09:53:34] [Server thread/INFO]: Entity Activation Range: An 32 / Mo 32 / Mi 16 / Tiv true
[09:53:34] [Server thread/INFO]: Entity Tracking Range: Pl 48 / An 48 / Mo 48 / Mi 32 / Other 64
[09:53:34] [Server thread/INFO]: Hopper Transfer: 8 Hopper Check: 1 Hopper Amount: 1
[09:53:34] [Server thread/INFO]: Random Lighting Updates: false
[09:53:34] [Server thread/INFO]: Structure Info Saving: true
[09:53:34] [Server thread/INFO]: Custom Map Seeds:  Village: 10387312 Feature: 14357617 Monument: 10387313 Slime: 987234911
[09:53:34] [Server thread/INFO]: Max TNT Explosions: 100
[09:53:34] [Server thread/INFO]: Tile Max Tick Time: 50ms Entity max Tick Time: 50ms
[09:53:34] [Server thread/INFO]: Item Despawn Rate: 6000
[09:53:34] [Server thread/INFO]: Item Merge Radius: 2.5
[09:53:34] [Server thread/INFO]: Arrow Despawn Rate: 1200
[09:53:34] [Server thread/INFO]: View Distance: 10
[09:53:34] [Server thread/INFO]: Experience Merge Radius: 3.0
[09:53:34] [Server thread/INFO]: Allow Zombie Pigmen to spawn from portal blocks: true
[09:53:34] [Server thread/INFO]: Zombie Aggressive Towards Villager: true
[09:53:34] [Server thread/INFO]: [Multiverse-Core] Disabling Multiverse-Core v1.1
[09:53:34] [Server thread/INFO]: [RaspberryJuice] Disabling RaspberryJuice v1.9
[09:53:34] [Server thread/INFO]: [RaspberryJuice] Raspberry Juice Stopped
[09:53:34] [Server thread/INFO]: [SpigotSample] Disabling SpigotSample v1.0-SNAPSHOT
[09:53:34] [Server thread/INFO]: [scriptcraft] Disabling scriptcraft v3.2.1-2016-12-23
[09:53:34] [Server thread/INFO]: [ViaVersion] Disabling ViaVersion v1.4.0
[09:53:34] [Server thread/INFO]: [ViaVersion] ViaVersion is disabling, if this is a reload and you experience issues consider rebooting.
[09:53:34] [Server thread/INFO]: [Citizens] Disabling Citizens v2.0.22-SNAPSHOT (build 1547)
[09:53:34] [Server thread/INFO]: [WorldEdit] Disabling WorldEdit v6.1.8-SNAPSHOT;cd4729f
[09:53:34] [Server thread/INFO]: [PermissionsEx] Disabling PermissionsEx v1.23.4
[09:53:36] [Server thread/INFO]: [PermissionsEx] Loading PermissionsEx v1.23.4
[09:53:36] [Server thread/INFO]: [WorldEdit] Loading WorldEdit v6.1.8-SNAPSHOT;cd4729f
[09:53:36] [Server thread/INFO]: [Citizens] Loading Citizens v2.0.22-SNAPSHOT (build 1547)
[09:53:36] [Server thread/INFO]: [ViaVersion] Loading ViaVersion v1.4.0
[09:53:36] [Server thread/INFO]: [ViaVersion] ViaVersion 1.4.0 is now loaded, injecting!
[09:53:36] [Server thread/ERROR]: [ViaVersion] ViaVersion is already loaded, this should work fine. If you get any console errors, try rebooting.
[09:53:36] [Server thread/INFO]: Loading block mapping...
[09:53:38] [Server thread/INFO]: Loading item mapping...
[09:53:38] [Server thread/INFO]: Loading new tags...
[09:53:38] [Server thread/INFO]: Loading enchantments...
[09:53:38] [Server thread/INFO]: Loading sound mapping...
[09:53:38] [Server thread/INFO]: [scriptcraft] Loading scriptcraft v3.2.1-2016-12-23
[09:53:38] [Server thread/INFO]: [SpigotSample] Loading SpigotSample v1.0-SNAPSHOT
[09:53:38] [Server thread/INFO]: [RaspberryJuice] Loading RaspberryJuice v1.9
[09:53:38] [Server thread/INFO]: [Multiverse-Core] Loading Multiverse-Core v1.1
[09:53:38] [Server thread/INFO]: [PermissionsEx] Enabling PermissionsEx v1.23.4
[09:53:38] [Server thread/INFO]: [PermissionsEx] Initializing file backend
[09:53:38] [Server thread/INFO]: [PermissionsEx] Permissions file successfully reloaded
[09:53:38] [Server thread/INFO]: [WorldEdit] Enabling WorldEdit v6.1.8-SNAPSHOT;cd4729f
[09:53:38] [Server thread/INFO]: WEPIF: PermissionsEx detected! Using PermissionsEx for permissions.
[09:53:39] [Server thread/INFO]: [WorldEdit] Using com.sk89q.worldedit.bukkit.adapter.impl.Spigot_v1_12_R2 as the Bukkit adapter
[09:53:39] [Server thread/INFO]: [Citizens] Enabling Citizens v2.0.22-SNAPSHOT (build 1547)
[09:53:39] [Server thread/ERROR]: [Citizens] Missing preferred location bundle.
[09:53:39] [Server thread/INFO]: [Citizens] Unable to use economy handling. Has Vault been enabled?
[09:53:39] [Server thread/INFO]: [ViaVersion] Enabling ViaVersion v1.4.0
[09:53:39] [Server thread/INFO]: [scriptcraft] Enabling scriptcraft v3.2.1-2016-12-23
[09:53:40] [Server thread/WARN]: [scriptcraft] cow-clicker minigame is not yet supported in CanaryMod and Craftbukkit
[09:53:41] [Server thread/INFO]: [SpigotSample] Enabling SpigotSample v1.0-SNAPSHOT
[09:53:41] [Server thread/INFO]: init SpigotSample
[09:53:41] [Server thread/INFO]: [RaspberryJuice] Enabling RaspberryJuice v1.9
[09:53:41] [Server thread/INFO]: [RaspberryJuice] Using port 4711
[09:53:41] [Server thread/INFO]: [RaspberryJuice] Using RELATIVE locations
[09:53:41] [Server thread/INFO]: [RaspberryJuice] ThreadListener Started
[09:53:41] [Server thread/INFO]: [Multiverse-Core] Enabling Multiverse-Core v1.1
[09:53:45] [Server thread/INFO]: [Multiverse-Core] 3 - World(s) loaded.
[09:53:45] [Server thread/INFO]: false
[09:53:45] [Server thread/INFO]: [Multiverse-Core] Version 1.1 (API v20) Enabled - By Rigby, fernferret, lithium3141 and main--
[09:53:45] [Server thread/INFO]: Server permissions file permissions.yml is empty, ignoring it
[09:53:46] [Server thread/INFO]: CONSOLE: [0;32;1mReload complete.[m
[09:53:46] [Server thread/INFO]: [ViaVersion] ViaVersion detected server version: 1.12.2(340)
[09:53:46] [Server thread/INFO]: [Citizens] Loaded 0 NPCs.
[09:53:46] [Server thread/INFO]: [scriptcraft] js-patch setTimeout() test complete
[09:53:46] [Server thread/WARN]: [ViaVersion] There is a newer version available: 1.4.1, you're on: 1.4.0
[09:56:31] [Server thread/INFO]: MarkCreative3 issued server command: /fill ~ ~ ~ ~ ~ ~ stone
[09:56:31] [Server thread/INFO]: [MarkCreative3: 1 blocks filled]
[10:02:41] [Server thread/INFO]: CONSOLE: [0;31;1mPlease note that this command is not supported and may cause issues when using some plugins.[m
[10:02:41] [Server thread/INFO]: CONSOLE: [0;31;1mIf you encounter any issues please use the /stop command to restart your server.[m
[10:02:41] [Server thread/INFO]: Debug logging is disabled
[10:02:41] [Server thread/INFO]: Server Ping Player Sample Count: 12
[10:02:41] [Server thread/INFO]: Using 4 threads for Netty based IO
[10:02:41] [Server thread/INFO]: -------- World Settings For [world] --------
[10:02:41] [Server thread/INFO]: Nerfing mobs spawned from spawners: false
[10:02:41] [Server thread/INFO]: Mob Spawn Range: 4
[10:02:41] [Server thread/INFO]: Cactus Growth Modifier: 100%
[10:02:41] [Server thread/INFO]: Cane Growth Modifier: 100%
[10:02:41] [Server thread/INFO]: Melon Growth Modifier: 100%
[10:02:41] [Server thread/INFO]: Mushroom Growth Modifier: 100%
[10:02:41] [Server thread/INFO]: Pumpkin Growth Modifier: 100%
[10:02:41] [Server thread/INFO]: Sapling Growth Modifier: 100%
[10:02:41] [Server thread/INFO]: Wheat Growth Modifier: 100%
[10:02:41] [Server thread/INFO]: NetherWart Growth Modifier: 100%
[10:02:41] [Server thread/INFO]: Vine Growth Modifier: 100%
[10:02:41] [Server thread/INFO]: Cocoa Growth Modifier: 100%
[10:02:41] [Server thread/INFO]: Entity Activation Range: An 32 / Mo 32 / Mi 16 / Tiv true
[10:02:41] [Server thread/INFO]: Entity Tracking Range: Pl 48 / An 48 / Mo 48 / Mi 32 / Other 64
[10:02:41] [Server thread/INFO]: Hopper Transfer: 8 Hopper Check: 1 Hopper Amount: 1
[10:02:41] [Server thread/INFO]: Random Lighting Updates: false
[10:02:41] [Server thread/INFO]: Structure Info Saving: true
[10:02:41] [Server thread/INFO]: Custom Map Seeds:  Village: 10387312 Feature: 14357617 Monument: 10387313 Slime: 987234911
[10:02:41] [Server thread/INFO]: Max TNT Explosions: 100
[10:02:41] [Server thread/INFO]: Tile Max Tick Time: 50ms Entity max Tick Time: 50ms
[10:02:41] [Server thread/INFO]: Item Despawn Rate: 6000
[10:02:41] [Server thread/INFO]: Item Merge Radius: 2.5
[10:02:41] [Server thread/INFO]: Arrow Despawn Rate: 1200
[10:02:41] [Server thread/INFO]: View Distance: 10
[10:02:41] [Server thread/INFO]: Experience Merge Radius: 3.0
[10:02:41] [Server thread/INFO]: Allow Zombie Pigmen to spawn from portal blocks: true
[10:02:41] [Server thread/INFO]: Zombie Aggressive Towards Villager: true
[10:02:41] [Server thread/INFO]: -------- World Settings For [world_nether] --------
[10:02:41] [Server thread/INFO]: Nerfing mobs spawned from spawners: false
[10:02:41] [Server thread/INFO]: Mob Spawn Range: 4
[10:02:41] [Server thread/INFO]: Cactus Growth Modifier: 100%
[10:02:41] [Server thread/INFO]: Cane Growth Modifier: 100%
[10:02:41] [Server thread/INFO]: Melon Growth Modifier: 100%
[10:02:41] [Server thread/INFO]: Mushroom Growth Modifier: 100%
[10:02:41] [Server thread/INFO]: Pumpkin Growth Modifier: 100%
[10:02:41] [Server thread/INFO]: Sapling Growth Modifier: 100%
[10:02:41] [Server thread/INFO]: Wheat Growth Modifier: 100%
[10:02:41] [Server thread/INFO]: NetherWart Growth Modifier: 100%
[10:02:41] [Server thread/INFO]: Vine Growth Modifier: 100%
[10:02:41] [Server thread/INFO]: Cocoa Growth Modifier: 100%
[10:02:41] [Server thread/INFO]: Entity Activation Range: An 32 / Mo 32 / Mi 16 / Tiv true
[10:02:41] [Server thread/INFO]: Entity Tracking Range: Pl 48 / An 48 / Mo 48 / Mi 32 / Other 64
[10:02:41] [Server thread/INFO]: Hopper Transfer: 8 Hopper Check: 1 Hopper Amount: 1
[10:02:41] [Server thread/INFO]: Random Lighting Updates: false
[10:02:41] [Server thread/INFO]: Structure Info Saving: true
[10:02:41] [Server thread/INFO]: Custom Map Seeds:  Village: 10387312 Feature: 14357617 Monument: 10387313 Slime: 987234911
[10:02:41] [Server thread/INFO]: Max TNT Explosions: 100
[10:02:41] [Server thread/INFO]: Tile Max Tick Time: 50ms Entity max Tick Time: 50ms
[10:02:41] [Server thread/INFO]: Item Despawn Rate: 6000
[10:02:41] [Server thread/INFO]: Item Merge Radius: 2.5
[10:02:41] [Server thread/INFO]: Arrow Despawn Rate: 1200
[10:02:41] [Server thread/INFO]: View Distance: 10
[10:02:41] [Server thread/INFO]: Experience Merge Radius: 3.0
[10:02:41] [Server thread/INFO]: Allow Zombie Pigmen to spawn from portal blocks: true
[10:02:41] [Server thread/INFO]: Zombie Aggressive Towards Villager: true
[10:02:41] [Server thread/INFO]: -------- World Settings For [world_the_end] --------
[10:02:42] [Server thread/INFO]: Nerfing mobs spawned from spawners: false
[10:02:42] [Server thread/INFO]: Mob Spawn Range: 4
[10:02:42] [Server thread/INFO]: Cactus Growth Modifier: 100%
[10:02:42] [Server thread/INFO]: Cane Growth Modifier: 100%
[10:02:42] [Server thread/INFO]: Melon Growth Modifier: 100%
[10:02:42] [Server thread/INFO]: Mushroom Growth Modifier: 100%
[10:02:42] [Server thread/INFO]: Pumpkin Growth Modifier: 100%
[10:02:42] [Server thread/INFO]: Sapling Growth Modifier: 100%
[10:02:42] [Server thread/INFO]: Wheat Growth Modifier: 100%
[10:02:42] [Server thread/INFO]: NetherWart Growth Modifier: 100%
[10:02:42] [Server thread/INFO]: Vine Growth Modifier: 100%
[10:02:42] [Server thread/INFO]: Cocoa Growth Modifier: 100%
[10:02:42] [Server thread/INFO]: Entity Activation Range: An 32 / Mo 32 / Mi 16 / Tiv true
[10:02:42] [Server thread/INFO]: Entity Tracking Range: Pl 48 / An 48 / Mo 48 / Mi 32 / Other 64
[10:02:42] [Server thread/INFO]: Hopper Transfer: 8 Hopper Check: 1 Hopper Amount: 1
[10:02:42] [Server thread/INFO]: Random Lighting Updates: false
[10:02:42] [Server thread/INFO]: Structure Info Saving: true
[10:02:42] [Server thread/INFO]: Custom Map Seeds:  Village: 10387312 Feature: 14357617 Monument: 10387313 Slime: 987234911
[10:02:42] [Server thread/INFO]: Max TNT Explosions: 100
[10:02:42] [Server thread/INFO]: Tile Max Tick Time: 50ms Entity max Tick Time: 50ms
[10:02:42] [Server thread/INFO]: Item Despawn Rate: 6000
[10:02:42] [Server thread/INFO]: Item Merge Radius: 2.5
[10:02:42] [Server thread/INFO]: Arrow Despawn Rate: 1200
[10:02:42] [Server thread/INFO]: View Distance: 10
[10:02:42] [Server thread/INFO]: Experience Merge Radius: 3.0
[10:02:42] [Server thread/INFO]: Allow Zombie Pigmen to spawn from portal blocks: true
[10:02:42] [Server thread/INFO]: Zombie Aggressive Towards Villager: true
[10:02:42] [Server thread/INFO]: [Multiverse-Core] Disabling Multiverse-Core v1.1
[10:02:42] [Server thread/INFO]: [RaspberryJuice] Disabling RaspberryJuice v1.9
[10:02:42] [Server thread/INFO]: [RaspberryJuice] Raspberry Juice Stopped
[10:02:42] [Server thread/INFO]: [SpigotSample] Disabling SpigotSample v1.0-SNAPSHOT
[10:02:42] [Server thread/INFO]: [scriptcraft] Disabling scriptcraft v3.2.1-2016-12-23
[10:02:42] [Server thread/INFO]: [ViaVersion] Disabling ViaVersion v1.4.0
[10:02:42] [Server thread/INFO]: [ViaVersion] ViaVersion is disabling, if this is a reload and you experience issues consider rebooting.
[10:02:42] [Server thread/INFO]: [Citizens] Disabling Citizens v2.0.22-SNAPSHOT (build 1547)
[10:02:42] [Server thread/INFO]: [WorldEdit] Disabling WorldEdit v6.1.8-SNAPSHOT;cd4729f
[10:02:42] [Server thread/INFO]: [PermissionsEx] Disabling PermissionsEx v1.23.4
[10:02:42] [Server thread/INFO]: [PermissionsEx] Loading PermissionsEx v1.23.4
[10:02:42] [Server thread/INFO]: [WorldEdit] Loading WorldEdit v6.1.8-SNAPSHOT;cd4729f
[10:02:42] [Server thread/INFO]: [Citizens] Loading Citizens v2.0.22-SNAPSHOT (build 1547)
[10:02:42] [Server thread/INFO]: [ViaVersion] Loading ViaVersion v1.4.0
[10:02:42] [Server thread/INFO]: [ViaVersion] ViaVersion 1.4.0 is now loaded, injecting!
[10:02:42] [Server thread/ERROR]: [ViaVersion] ViaVersion is already loaded, this should work fine. If you get any console errors, try rebooting.
[10:02:43] [Server thread/INFO]: Loading block mapping...
[10:02:43] [Server thread/INFO]: Loading item mapping...
[10:02:43] [Server thread/INFO]: Loading new tags...
[10:02:43] [Server thread/INFO]: Loading enchantments...
[10:02:43] [Server thread/INFO]: Loading sound mapping...
[10:02:44] [Server thread/INFO]: [scriptcraft] Loading scriptcraft v3.2.1-2016-12-23
[10:02:44] [Server thread/INFO]: [SpigotSample] Loading SpigotSample v1.0-SNAPSHOT
[10:02:44] [Server thread/INFO]: [RaspberryJuice] Loading RaspberryJuice v1.9
[10:02:44] [Server thread/INFO]: [Multiverse-Core] Loading Multiverse-Core v1.1
[10:02:44] [Server thread/INFO]: [PermissionsEx] Enabling PermissionsEx v1.23.4
[10:02:44] [Server thread/INFO]: [PermissionsEx] Initializing file backend
[10:02:44] [Server thread/INFO]: [PermissionsEx] Permissions file successfully reloaded
[10:02:44] [Server thread/INFO]: [WorldEdit] Enabling WorldEdit v6.1.8-SNAPSHOT;cd4729f
[10:02:44] [Server thread/INFO]: WEPIF: PermissionsEx detected! Using PermissionsEx for permissions.
[10:02:44] [Server thread/INFO]: [WorldEdit] Using com.sk89q.worldedit.bukkit.adapter.impl.Spigot_v1_12_R2 as the Bukkit adapter
[10:02:44] [Server thread/INFO]: [Citizens] Enabling Citizens v2.0.22-SNAPSHOT (build 1547)
[10:02:44] [Server thread/ERROR]: [Citizens] Missing preferred location bundle.
[10:02:44] [Server thread/INFO]: [Citizens] Unable to use economy handling. Has Vault been enabled?
[10:02:44] [Server thread/INFO]: [ViaVersion] Enabling ViaVersion v1.4.0
[10:02:44] [Server thread/INFO]: [scriptcraft] Enabling scriptcraft v3.2.1-2016-12-23
[10:02:45] [Server thread/WARN]: [scriptcraft] cow-clicker minigame is not yet supported in CanaryMod and Craftbukkit
[10:02:46] [Server thread/INFO]: [SpigotSample] Enabling SpigotSample v1.0-SNAPSHOT
[10:02:46] [Server thread/INFO]: init SpigotSample
[10:02:46] [Server thread/INFO]: [RaspberryJuice] Enabling RaspberryJuice v1.9
[10:02:46] [Server thread/INFO]: [RaspberryJuice] Using port 4711
[10:02:46] [Server thread/INFO]: [RaspberryJuice] Using RELATIVE locations
[10:02:46] [Server thread/INFO]: [RaspberryJuice] ThreadListener Started
[10:02:46] [Server thread/INFO]: [Multiverse-Core] Enabling Multiverse-Core v1.1
[10:02:51] [Server thread/INFO]: [Multiverse-Core] 3 - World(s) loaded.
[10:02:51] [Server thread/INFO]: false
[10:02:51] [Server thread/INFO]: [Multiverse-Core] Version 1.1 (API v20) Enabled - By Rigby, fernferret, lithium3141 and main--
[10:02:51] [Server thread/INFO]: Server permissions file permissions.yml is empty, ignoring it
[10:02:52] [Server thread/INFO]: CONSOLE: [0;32;1mReload complete.[m
[10:02:52] [Server thread/INFO]: [ViaVersion] ViaVersion detected server version: 1.12.2(340)
[10:02:52] [Server thread/INFO]: [Citizens] Loaded 0 NPCs.
[10:02:52] [Server thread/INFO]: [scriptcraft] js-patch setTimeout() test complete
[10:02:52] [Server thread/WARN]: [ViaVersion] There is a newer version available: 1.4.1, you're on: 1.4.0
